# JRE version: OpenJDK Runtime Environment Temurin-21.0.7+6 (21.0.7+6) (build 21.0.7+6-LTS)
# Java VM: OpenJDK 64-Bit Server VM Temurin-21.0.7+6 (21.0.7+6-LTS, mixed mode, sharing, tiered, compressed oops, compressed class ptrs, parallel gc, windows-amd64)
GC Precious Log:
 CardTable entry size: 512
 CPUs: 8 total, 8 available
 Memory: 7948M
 Large Page Support: Disabled
 NUMA Support: Disabled
 Compressed Oops: Enabled (32-bit)
 Alignments: Space 512K, Generation 512K, Heap 2M
 Heap Min Capacity: 100M
 Heap Initial Capacity: 100M
 Heap Max Capacity: 2G
 Pre-touch: Disabled
 Parallel Workers: 8
Heap:
 PSYoungGen      total 9728K, used 9725K [0x00000000d5580000, 0x00000000d6200000, 0x0000000100000000)
  eden space 8704K, 100% used [0x00000000d5580000,0x00000000d5e00000,0x00000000d5e00000)
  from space 1024K, 99% used [0x00000000d6100000,0x00000000d61ff690,0x00000000d6200000)
  to   space 2048K, 99% used [0x00000000d5e00000,0x00000000d5ffdf90,0x00000000d6000000)
 ParOldGen       total 848384K, used 135658K [0x0000000080000000, 0x00000000b3c80000, 0x00000000d5580000)
  object space 848384K, 15% used [0x0000000080000000,0x000000008847ab40,0x00000000b3c80000)
 Metaspace       used 77684K, committed 79360K, reserved 1179648K
  class space    used 7827K, committed 8576K, reserved 1048576K
GC Heap History (20 events):
Event: 345.658 GC heap before
{Heap before GC invocations=853 (full 4):
 PSYoungGen      total 10752K, used 10450K [0x00000000d5580000, 0x00000000d6300000, 0x0000000100000000)
  eden space 8704K, 99% used [0x00000000d5580000,0x00000000d5deffb0,0x00000000d5e00000)
  from space 2048K, 88% used [0x00000000d6100000,0x00000000d62c4890,0x00000000d6300000)
  to   space 2048K, 0% used [0x00000000d5f00000,0x00000000d5f00000,0x00000000d6100000)
 ParOldGen       total 848384K, used 126295K [0x0000000080000000, 0x00000000b3c80000, 0x00000000d5580000)
  object space 848384K, 14% used [0x0000000080000000,0x0000000087b55fe8,0x00000000b3c80000)
 Metaspace       used 76695K, committed 78464K, reserved 1179648K
  class space    used 7708K, committed 8512K, reserved 1048576K
}
Event: 345.661 GC heap after
{Heap after GC invocations=853 (full 4):
 PSYoungGen      total 10752K, used 2025K [0x00000000d5580000, 0x00000000d6400000, 0x0000000100000000)
  eden space 8704K, 0% used [0x00000000d5580000,0x00000000d5580000,0x00000000d5e00000)
  from space 2048K, 98% used [0x00000000d5f00000,0x00000000d60fa4a0,0x00000000d6100000)
  to   space 3072K, 0% used [0x00000000d6100000,0x00000000d6100000,0x00000000d6400000)
 ParOldGen       total 848384K, used 126783K [0x0000000080000000, 0x00000000b3c80000, 0x00000000d5580000)
  object space 848384K, 14% used [0x0000000080000000,0x0000000087bcffe8,0x00000000b3c80000)
 Metaspace       used 76695K, committed 78464K, reserved 1179648K
  class space    used 7708K, committed 8512K, reserved 1048576K
}
Event: 345.691 GC heap before
{Heap before GC invocations=854 (full 4):
 PSYoungGen      total 10752K, used 10729K [0x00000000d5580000, 0x00000000d6400000, 0x0000000100000000)
  eden space 8704K, 100% used [0x00000000d5580000,0x00000000d5e00000,0x00000000d5e00000)
  from space 2048K, 98% used [0x00000000d5f00000,0x00000000d60fa4a0,0x00000000d6100000)
  to   space 3072K, 0% used [0x00000000d6100000,0x00000000d6100000,0x00000000d6400000)
 ParOldGen       total 848384K, used 126783K [0x0000000080000000, 0x00000000b3c80000, 0x00000000d5580000)
  object space 848384K, 14% used [0x0000000080000000,0x0000000087bcffe8,0x00000000b3c80000)
 Metaspace       used 76703K, committed 78464K, reserved 1179648K
  class space    used 7708K, committed 8512K, reserved 1048576K
}
Event: 345.693 GC heap after
{Heap after GC invocations=854 (full 4):
 PSYoungGen      total 9216K, used 372K [0x00000000d5580000, 0x00000000d6180000, 0x0000000100000000)
  eden space 8704K, 0% used [0x00000000d5580000,0x00000000d5580000,0x00000000d5e00000)
  from space 512K, 72% used [0x00000000d6100000,0x00000000d615d200,0x00000000d6180000)
  to   space 1536K, 0% used [0x00000000d5e80000,0x00000000d5e80000,0x00000000d6000000)
 ParOldGen       total 848384K, used 126855K [0x0000000080000000, 0x00000000b3c80000, 0x00000000d5580000)
  object space 848384K, 14% used [0x0000000080000000,0x0000000087be1fe8,0x00000000b3c80000)
 Metaspace       used 76703K, committed 78464K, reserved 1179648K
  class space    used 7708K, committed 8512K, reserved 1048576K
}
Event: 345.706 GC heap before
{Heap before GC invocations=855 (full 4):
 PSYoungGen      total 9216K, used 9076K [0x00000000d5580000, 0x00000000d6180000, 0x0000000100000000)
  eden space 8704K, 99% used [0x00000000d5580000,0x00000000d5dffff0,0x00000000d5e00000)
  from space 512K, 72% used [0x00000000d6100000,0x00000000d615d200,0x00000000d6180000)
  to   space 1536K, 0% used [0x00000000d5e80000,0x00000000d5e80000,0x00000000d6000000)
 ParOldGen       total 848384K, used 126855K [0x0000000080000000, 0x00000000b3c80000, 0x00000000d5580000)
  object space 848384K, 14% used [0x0000000080000000,0x0000000087be1fe8,0x00000000b3c80000)
 Metaspace       used 76716K, committed 78464K, reserved 1179648K
  class space    used 7708K, committed 8512K, reserved 1048576K
}
Event: 345.716 GC heap after
{Heap after GC invocations=855 (full 4):
 PSYoungGen      total 10240K, used 1534K [0x00000000d5580000, 0x00000000d6700000, 0x0000000100000000)
  eden space 8704K, 0% used [0x00000000d5580000,0x00000000d5580000,0x00000000d5e00000)
  from space 1536K, 99% used [0x00000000d5e80000,0x00000000d5fffb48,0x00000000d6000000)
  to   space 4608K, 0% used [0x00000000d6280000,0x00000000d6280000,0x00000000d6700000)
 ParOldGen       total 848384K, used 128995K [0x0000000080000000, 0x00000000b3c80000, 0x00000000d5580000)
  object space 848384K, 15% used [0x0000000080000000,0x0000000087df8d30,0x00000000b3c80000)
 Metaspace       used 76716K, committed 78464K, reserved 1179648K
  class space    used 7708K, committed 8512K, reserved 1048576K
}
Event: 345.810 GC heap before
{Heap before GC invocations=856 (full 4):
 PSYoungGen      total 10240K, used 10238K [0x00000000d5580000, 0x00000000d6700000, 0x0000000100000000)
  eden space 8704K, 100% used [0x00000000d5580000,0x00000000d5e00000,0x00000000d5e00000)
  from space 1536K, 99% used [0x00000000d5e80000,0x00000000d5fffb48,0x00000000d6000000)
  to   space 4608K, 0% used [0x00000000d6280000,0x00000000d6280000,0x00000000d6700000)
 ParOldGen       total 848384K, used 128995K [0x0000000080000000, 0x00000000b3c80000, 0x00000000d5580000)
  object space 848384K, 15% used [0x0000000080000000,0x0000000087df8d30,0x00000000b3c80000)
 Metaspace       used 76730K, committed 78464K, reserved 1179648K
  class space    used 7708K, committed 8512K, reserved 1048576K
}
Event: 345.814 GC heap after
{Heap after GC invocations=856 (full 4):
 PSYoungGen      total 9728K, used 698K [0x00000000d5580000, 0x00000000d6380000, 0x0000000100000000)
  eden space 8704K, 0% used [0x00000000d5580000,0x00000000d5580000,0x00000000d5e00000)
  from space 1024K, 68% used [0x00000000d6280000,0x00000000d632e900,0x00000000d6380000)
  to   space 2048K, 0% used [0x00000000d5f80000,0x00000000d5f80000,0x00000000d6180000)
 ParOldGen       total 848384K, used 129427K [0x0000000080000000, 0x00000000b3c80000, 0x00000000d5580000)
  object space 848384K, 15% used [0x0000000080000000,0x0000000087e64d30,0x00000000b3c80000)
 Metaspace       used 76730K, committed 78464K, reserved 1179648K
  class space    used 7708K, committed 8512K, reserved 1048576K
}
Event: 348.254 GC heap before
{Heap before GC invocations=857 (full 4):
 PSYoungGen      total 9728K, used 9402K [0x00000000d5580000, 0x00000000d6380000, 0x0000000100000000)
  eden space 8704K, 100% used [0x00000000d5580000,0x00000000d5e00000,0x00000000d5e00000)
  from space 1024K, 68% used [0x00000000d6280000,0x00000000d632e900,0x00000000d6380000)
  to   space 2048K, 0% used [0x00000000d5f80000,0x00000000d5f80000,0x00000000d6180000)
 ParOldGen       total 848384K, used 129427K [0x0000000080000000, 0x00000000b3c80000, 0x00000000d5580000)
  object space 848384K, 15% used [0x0000000080000000,0x0000000087e64d30,0x00000000b3c80000)
 Metaspace       used 76744K, committed 78464K, reserved 1179648K
  class space    used 7708K, committed 8512K, reserved 1048576K
}
Event: 348.257 GC heap after
{Heap after GC invocations=857 (full 4):
 PSYoungGen      total 10752K, used 772K [0x00000000d5580000, 0x00000000d6300000, 0x0000000100000000)
  eden space 8704K, 0% used [0x00000000d5580000,0x00000000d5580000,0x00000000d5e00000)
  from space 2048K, 37% used [0x00000000d5f80000,0x00000000d6041230,0x00000000d6180000)
  to   space 1024K, 0% used [0x00000000d6200000,0x00000000d6200000,0x00000000d6300000)
 ParOldGen       total 848384K, used 129571K [0x0000000080000000, 0x00000000b3c80000, 0x00000000d5580000)
  object space 848384K, 15% used [0x0000000080000000,0x0000000087e88d30,0x00000000b3c80000)
 Metaspace       used 76744K, committed 78464K, reserved 1179648K
  class space    used 7708K, committed 8512K, reserved 1048576K
}
Event: 348.663 GC heap before
{Heap before GC invocations=858 (full 4):
 PSYoungGen      total 10752K, used 9476K [0x00000000d5580000, 0x00000000d6300000, 0x0000000100000000)
  eden space 8704K, 99% used [0x00000000d5580000,0x00000000d5dfffe8,0x00000000d5e00000)
  from space 2048K, 37% used [0x00000000d5f80000,0x00000000d6041230,0x00000000d6180000)
  to   space 1024K, 0% used [0x00000000d6200000,0x00000000d6200000,0x00000000d6300000)
 ParOldGen       total 848384K, used 129571K [0x0000000080000000, 0x00000000b3c80000, 0x00000000d5580000)
  object space 848384K, 15% used [0x0000000080000000,0x0000000087e88d30,0x00000000b3c80000)
 Metaspace       used 76754K, committed 78528K, reserved 1179648K
  class space    used 7709K, committed 8512K, reserved 1048576K
}
Event: 348.667 GC heap after
{Heap after GC invocations=858 (full 4):
 PSYoungGen      total 9728K, used 516K [0x00000000d5580000, 0x00000000d6300000, 0x0000000100000000)
  eden space 8704K, 0% used [0x00000000d5580000,0x00000000d5580000,0x00000000d5e00000)
  from space 1024K, 50% used [0x00000000d6200000,0x00000000d6281210,0x00000000d6300000)
  to   space 1024K, 0% used [0x00000000d6100000,0x00000000d6100000,0x00000000d6200000)
 ParOldGen       total 848384K, used 130199K [0x0000000080000000, 0x00000000b3c80000, 0x00000000d5580000)
  object space 848384K, 15% used [0x0000000080000000,0x0000000087f25f40,0x00000000b3c80000)
 Metaspace       used 76754K, committed 78528K, reserved 1179648K
  class space    used 7709K, committed 8512K, reserved 1048576K
}
Event: 349.448 GC heap before
{Heap before GC invocations=859 (full 4):
 PSYoungGen      total 9728K, used 9220K [0x00000000d5580000, 0x00000000d6300000, 0x0000000100000000)
  eden space 8704K, 100% used [0x00000000d5580000,0x00000000d5e00000,0x00000000d5e00000)
  from space 1024K, 50% used [0x00000000d6200000,0x00000000d6281210,0x00000000d6300000)
  to   space 1024K, 0% used [0x00000000d6100000,0x00000000d6100000,0x00000000d6200000)
 ParOldGen       total 848384K, used 130199K [0x0000000080000000, 0x00000000b3c80000, 0x00000000d5580000)
  object space 848384K, 15% used [0x0000000080000000,0x0000000087f25f40,0x00000000b3c80000)
 Metaspace       used 76760K, committed 78528K, reserved 1179648K
  class space    used 7709K, committed 8512K, reserved 1048576K
}
Event: 349.449 GC heap after
{Heap after GC invocations=859 (full 4):
 PSYoungGen      total 9728K, used 160K [0x00000000d5580000, 0x00000000d6280000, 0x0000000100000000)
  eden space 8704K, 0% used [0x00000000d5580000,0x00000000d5580000,0x00000000d5e00000)
  from space 1024K, 15% used [0x00000000d6100000,0x00000000d6128000,0x00000000d6200000)
  to   space 512K, 0% used [0x00000000d6200000,0x00000000d6200000,0x00000000d6280000)
 ParOldGen       total 848384K, used 130295K [0x0000000080000000, 0x00000000b3c80000, 0x00000000d5580000)
  object space 848384K, 15% used [0x0000000080000000,0x0000000087f3df40,0x00000000b3c80000)
 Metaspace       used 76760K, committed 78528K, reserved 1179648K
  class space    used 7709K, committed 8512K, reserved 1048576K
}
Event: 350.609 GC heap before
{Heap before GC invocations=860 (full 4):
 PSYoungGen      total 9728K, used 8864K [0x00000000d5580000, 0x00000000d6280000, 0x0000000100000000)
  eden space 8704K, 100% used [0x00000000d5580000,0x00000000d5e00000,0x00000000d5e00000)
  from space 1024K, 15% used [0x00000000d6100000,0x00000000d6128000,0x00000000d6200000)
  to   space 512K, 0% used [0x00000000d6200000,0x00000000d6200000,0x00000000d6280000)
 ParOldGen       total 848384K, used 130295K [0x0000000080000000, 0x00000000b3c80000, 0x00000000d5580000)
  object space 848384K, 15% used [0x0000000080000000,0x0000000087f3df40,0x00000000b3c80000)
 Metaspace       used 76765K, committed 78528K, reserved 1179648K
  class space    used 7709K, committed 8512K, reserved 1048576K
}
Event: 350.611 GC heap after
{Heap after GC invocations=860 (full 4):
 PSYoungGen      total 9216K, used 490K [0x00000000d5580000, 0x00000000d6280000, 0x0000000100000000)
  eden space 8704K, 0% used [0x00000000d5580000,0x00000000d5580000,0x00000000d5e00000)
  from space 512K, 95% used [0x00000000d6200000,0x00000000d627a910,0x00000000d6280000)
  to   space 1024K, 0% used [0x00000000d6080000,0x00000000d6080000,0x00000000d6180000)
 ParOldGen       total 848384K, used 130367K [0x0000000080000000, 0x00000000b3c80000, 0x00000000d5580000)
  object space 848384K, 15% used [0x0000000080000000,0x0000000087f4ff40,0x00000000b3c80000)
 Metaspace       used 76765K, committed 78528K, reserved 1179648K
  class space    used 7709K, committed 8512K, reserved 1048576K
}
Event: 350.799 GC heap before
{Heap before GC invocations=861 (full 4):
 PSYoungGen      total 9216K, used 9181K [0x00000000d5580000, 0x00000000d6280000, 0x0000000100000000)
  eden space 8704K, 99% used [0x00000000d5580000,0x00000000d5dfcd28,0x00000000d5e00000)
  from space 512K, 95% used [0x00000000d6200000,0x00000000d627a910,0x00000000d6280000)
  to   space 1024K, 0% used [0x00000000d6080000,0x00000000d6080000,0x00000000d6180000)
 ParOldGen       total 848384K, used 130367K [0x0000000080000000, 0x00000000b3c80000, 0x00000000d5580000)
  object space 848384K, 15% used [0x0000000080000000,0x0000000087f4ff40,0x00000000b3c80000)
 Metaspace       used 76767K, committed 78528K, reserved 1179648K
  class space    used 7709K, committed 8512K, reserved 1048576K
}
Event: 350.805 GC heap after
{Heap after GC invocations=861 (full 4):
 PSYoungGen      total 9728K, used 1020K [0x00000000d5580000, 0x00000000d6400000, 0x0000000100000000)
  eden space 8704K, 0% used [0x00000000d5580000,0x00000000d5580000,0x00000000d5e00000)
  from space 1024K, 99% used [0x00000000d6080000,0x00000000d617f1d0,0x00000000d6180000)
  to   space 2560K, 0% used [0x00000000d6180000,0x00000000d6180000,0x00000000d6400000)
 ParOldGen       total 848384K, used 131795K [0x0000000080000000, 0x00000000b3c80000, 0x00000000d5580000)
  object space 848384K, 15% used [0x0000000080000000,0x00000000880b4eb8,0x00000000b3c80000)
 Metaspace       used 76767K, committed 78528K, reserved 1179648K
  class space    used 7709K, committed 8512K, reserved 1048576K
}
Event: 350.894 GC heap before
{Heap before GC invocations=862 (full 4):
 PSYoungGen      total 9728K, used 9659K [0x00000000d5580000, 0x00000000d6400000, 0x0000000100000000)
  eden space 8704K, 99% used [0x00000000d5580000,0x00000000d5defca0,0x00000000d5e00000)
  from space 1024K, 99% used [0x00000000d6080000,0x00000000d617f1d0,0x00000000d6180000)
  to   space 2560K, 0% used [0x00000000d6180000,0x00000000d6180000,0x00000000d6400000)
 ParOldGen       total 848384K, used 131795K [0x0000000080000000, 0x00000000b3c80000, 0x00000000d5580000)
  object space 848384K, 15% used [0x0000000080000000,0x00000000880b4eb8,0x00000000b3c80000)
 Metaspace       used 76771K, committed 78528K, reserved 1179648K
  class space    used 7709K, committed 8512K, reserved 1048576K
}
Event: 350.897 GC heap after
{Heap after GC invocations=862 (full 4):
 PSYoungGen      total 9216K, used 384K [0x00000000d5580000, 0x00000000d6200000, 0x0000000100000000)
  eden space 8704K, 0% used [0x00000000d5580000,0x00000000d5580000,0x00000000d5e00000)
  from space 512K, 75% used [0x00000000d6180000,0x00000000d61e0000,0x00000000d6200000)
  to   space 1536K, 0% used [0x00000000d5f00000,0x00000000d5f00000,0x00000000d6080000)
 ParOldGen       total 848384K, used 131851K [0x0000000080000000, 0x00000000b3c80000, 0x00000000d5580000)
  object space 848384K, 15% used [0x0000000080000000,0x00000000880c2eb8,0x00000000b3c80000)
 Metaspace       used 76771K, committed 78528K, reserved 1179648K
  class space    used 7709K, committed 8512K, reserved 1048576K
}

