# JRE version: OpenJDK Runtime Environment Temurin-21.0.7+6 (21.0.7+6) (build 21.0.7+6-LTS)
# Java VM: OpenJDK 64-Bit Server VM Temurin-21.0.7+6 (21.0.7+6-LTS, mixed mode, sharing, tiered, compressed oops, compressed class ptrs, parallel gc, windows-amd64)
GC Precious Log:
 CardTable entry size: 512
 CPUs: 8 total, 8 available
 Memory: 7948M
 Large Page Support: Disabled
 NUMA Support: Disabled
 Compressed Oops: Enabled (32-bit)
 Alignments: Space 512K, Generation 512K, Heap 2M
 Heap Min Capacity: 100M
 Heap Initial Capacity: 100M
 Heap Max Capacity: 2G
 Pre-touch: Disabled
 Parallel Workers: 8
Heap:
 PSYoungGen      total 3584K, used 2177K [0x00000000d5580000, 0x00000000d5a00000, 0x0000000100000000)
  eden space 2048K, 71% used [0x00000000d5580000,0x00000000d56efaa8,0x00000000d5780000)
  from space 1536K, 46% used [0x00000000d5780000,0x00000000d5830a88,0x00000000d5900000)
  to   space 1024K, 0% used [0x00000000d5900000,0x00000000d5900000,0x00000000d5a00000)
 ParOldGen       total 809472K, used 808843K [0x0000000080000000, 0x00000000b1680000, 0x00000000d5580000)
  object space 809472K, 99% used [0x0000000080000000,0x00000000b15e2e68,0x00000000b1680000)
 Metaspace       used 77653K, committed 79360K, reserved 1179648K
  class space    used 8038K, committed 8768K, reserved 1048576K
GC Heap History (20 events):
Event: 121.302 GC heap after
{Heap after GC invocations=1105 (full 3):
 PSYoungGen      total 3072K, used 704K [0x00000000d5580000, 0x00000000d5b80000, 0x0000000100000000)
  eden space 2048K, 0% used [0x00000000d5580000,0x00000000d5580000,0x00000000d5780000)
  from space 1024K, 68% used [0x00000000d5a80000,0x00000000d5b30000,0x00000000d5b80000)
  to   space 1536K, 0% used [0x00000000d5880000,0x00000000d5880000,0x00000000d5a00000)
 ParOldGen       total 773120K, used 772863K [0x0000000080000000, 0x00000000af300000, 0x00000000d5580000)
  object space 773120K, 99% used [0x0000000080000000,0x00000000af2bff58,0x00000000af300000)
 Metaspace       used 77486K, committed 79232K, reserved 1179648K
  class space    used 8034K, committed 8768K, reserved 1048576K
}
Event: 121.477 GC heap before
{Heap before GC invocations=1106 (full 3):
 PSYoungGen      total 3072K, used 2748K [0x00000000d5580000, 0x00000000d5b80000, 0x0000000100000000)
  eden space 2048K, 99% used [0x00000000d5580000,0x00000000d577f1f8,0x00000000d5780000)
  from space 1024K, 68% used [0x00000000d5a80000,0x00000000d5b30000,0x00000000d5b80000)
  to   space 1536K, 0% used [0x00000000d5880000,0x00000000d5880000,0x00000000d5a00000)
 ParOldGen       total 773120K, used 772863K [0x0000000080000000, 0x00000000af300000, 0x00000000d5580000)
  object space 773120K, 99% used [0x0000000080000000,0x00000000af2bff58,0x00000000af300000)
 Metaspace       used 77504K, committed 79232K, reserved 1179648K
  class space    used 8034K, committed 8768K, reserved 1048576K
}
Event: 121.483 GC heap after
{Heap after GC invocations=1106 (full 3):
 PSYoungGen      total 3584K, used 320K [0x00000000d5580000, 0x00000000d5b00000, 0x0000000100000000)
  eden space 2048K, 0% used [0x00000000d5580000,0x00000000d5580000,0x00000000d5780000)
  from space 1536K, 20% used [0x00000000d5880000,0x00000000d58d0000,0x00000000d5a00000)
  to   space 1024K, 0% used [0x00000000d5a00000,0x00000000d5a00000,0x00000000d5b00000)
 ParOldGen       total 773632K, used 773435K [0x0000000080000000, 0x00000000af380000, 0x00000000d5580000)
  object space 773632K, 99% used [0x0000000080000000,0x00000000af34ef68,0x00000000af380000)
 Metaspace       used 77504K, committed 79232K, reserved 1179648K
  class space    used 8034K, committed 8768K, reserved 1048576K
}
Event: 121.594 GC heap before
{Heap before GC invocations=1107 (full 3):
 PSYoungGen      total 3584K, used 2367K [0x00000000d5580000, 0x00000000d5b00000, 0x0000000100000000)
  eden space 2048K, 99% used [0x00000000d5580000,0x00000000d577feb8,0x00000000d5780000)
  from space 1536K, 20% used [0x00000000d5880000,0x00000000d58d0000,0x00000000d5a00000)
  to   space 1024K, 0% used [0x00000000d5a00000,0x00000000d5a00000,0x00000000d5b00000)
 ParOldGen       total 773632K, used 773435K [0x0000000080000000, 0x00000000af380000, 0x00000000d5580000)
  object space 773632K, 99% used [0x0000000080000000,0x00000000af34ef68,0x00000000af380000)
 Metaspace       used 77522K, committed 79232K, reserved 1179648K
  class space    used 8034K, committed 8768K, reserved 1048576K
}
Event: 121.600 GC heap after
{Heap after GC invocations=1107 (full 3):
 PSYoungGen      total 2560K, used 288K [0x00000000d5580000, 0x00000000d5a80000, 0x0000000100000000)
  eden space 2048K, 0% used [0x00000000d5580000,0x00000000d5580000,0x00000000d5780000)
  from space 512K, 56% used [0x00000000d5a00000,0x00000000d5a48000,0x00000000d5a80000)
  to   space 512K, 0% used [0x00000000d5980000,0x00000000d5980000,0x00000000d5a00000)
 ParOldGen       total 773632K, used 773531K [0x0000000080000000, 0x00000000af380000, 0x00000000d5580000)
  object space 773632K, 99% used [0x0000000080000000,0x00000000af366f68,0x00000000af380000)
 Metaspace       used 77522K, committed 79232K, reserved 1179648K
  class space    used 8034K, committed 8768K, reserved 1048576K
}
Event: 121.784 GC heap before
{Heap before GC invocations=1108 (full 3):
 PSYoungGen      total 2560K, used 2336K [0x00000000d5580000, 0x00000000d5a80000, 0x0000000100000000)
  eden space 2048K, 100% used [0x00000000d5580000,0x00000000d5780000,0x00000000d5780000)
  from space 512K, 56% used [0x00000000d5a00000,0x00000000d5a48000,0x00000000d5a80000)
  to   space 512K, 0% used [0x00000000d5980000,0x00000000d5980000,0x00000000d5a00000)
 ParOldGen       total 805376K, used 804251K [0x0000000080000000, 0x00000000b1280000, 0x00000000d5580000)
  object space 805376K, 99% used [0x0000000080000000,0x00000000b1166f98,0x00000000b1280000)
 Metaspace       used 77554K, committed 79296K, reserved 1179648K
  class space    used 8036K, committed 8768K, reserved 1048576K
}
Event: 121.796 GC heap after
{Heap after GC invocations=1108 (full 3):
 PSYoungGen      total 2560K, used 320K [0x00000000d5580000, 0x00000000d5a80000, 0x0000000100000000)
  eden space 2048K, 0% used [0x00000000d5580000,0x00000000d5580000,0x00000000d5780000)
  from space 512K, 62% used [0x00000000d5980000,0x00000000d59d0000,0x00000000d5a00000)
  to   space 512K, 0% used [0x00000000d5a00000,0x00000000d5a00000,0x00000000d5a80000)
 ParOldGen       total 805376K, used 804283K [0x0000000080000000, 0x00000000b1280000, 0x00000000d5580000)
  object space 805376K, 99% used [0x0000000080000000,0x00000000b116ef98,0x00000000b1280000)
 Metaspace       used 77554K, committed 79296K, reserved 1179648K
  class space    used 8036K, committed 8768K, reserved 1048576K
}
Event: 121.911 GC heap before
{Heap before GC invocations=1109 (full 3):
 PSYoungGen      total 2560K, used 2368K [0x00000000d5580000, 0x00000000d5a80000, 0x0000000100000000)
  eden space 2048K, 100% used [0x00000000d5580000,0x00000000d5780000,0x00000000d5780000)
  from space 512K, 62% used [0x00000000d5980000,0x00000000d59d0000,0x00000000d5a00000)
  to   space 512K, 0% used [0x00000000d5a00000,0x00000000d5a00000,0x00000000d5a80000)
 ParOldGen       total 805376K, used 804283K [0x0000000080000000, 0x00000000b1280000, 0x00000000d5580000)
  object space 805376K, 99% used [0x0000000080000000,0x00000000b116ef98,0x00000000b1280000)
 Metaspace       used 77562K, committed 79296K, reserved 1179648K
  class space    used 8036K, committed 8768K, reserved 1048576K
}
Event: 121.916 GC heap after
{Heap after GC invocations=1109 (full 3):
 PSYoungGen      total 2560K, used 256K [0x00000000d5580000, 0x00000000d5a80000, 0x0000000100000000)
  eden space 2048K, 0% used [0x00000000d5580000,0x00000000d5580000,0x00000000d5780000)
  from space 512K, 50% used [0x00000000d5a00000,0x00000000d5a40000,0x00000000d5a80000)
  to   space 512K, 0% used [0x00000000d5980000,0x00000000d5980000,0x00000000d5a00000)
 ParOldGen       total 805376K, used 804355K [0x0000000080000000, 0x00000000b1280000, 0x00000000d5580000)
  object space 805376K, 99% used [0x0000000080000000,0x00000000b1180fa8,0x00000000b1280000)
 Metaspace       used 77562K, committed 79296K, reserved 1179648K
  class space    used 8036K, committed 8768K, reserved 1048576K
}
Event: 122.063 GC heap before
{Heap before GC invocations=1110 (full 3):
 PSYoungGen      total 2560K, used 2304K [0x00000000d5580000, 0x00000000d5a80000, 0x0000000100000000)
  eden space 2048K, 100% used [0x00000000d5580000,0x00000000d5780000,0x00000000d5780000)
  from space 512K, 50% used [0x00000000d5a00000,0x00000000d5a40000,0x00000000d5a80000)
  to   space 512K, 0% used [0x00000000d5980000,0x00000000d5980000,0x00000000d5a00000)
 ParOldGen       total 805376K, used 804355K [0x0000000080000000, 0x00000000b1280000, 0x00000000d5580000)
  object space 805376K, 99% used [0x0000000080000000,0x00000000b1180fa8,0x00000000b1280000)
 Metaspace       used 77592K, committed 79296K, reserved 1179648K
  class space    used 8037K, committed 8768K, reserved 1048576K
}
Event: 122.069 GC heap after
{Heap after GC invocations=1110 (full 3):
 PSYoungGen      total 2560K, used 288K [0x00000000d5580000, 0x00000000d5a80000, 0x0000000100000000)
  eden space 2048K, 0% used [0x00000000d5580000,0x00000000d5580000,0x00000000d5780000)
  from space 512K, 56% used [0x00000000d5980000,0x00000000d59c8000,0x00000000d5a00000)
  to   space 512K, 0% used [0x00000000d5a00000,0x00000000d5a00000,0x00000000d5a80000)
 ParOldGen       total 805376K, used 804411K [0x0000000080000000, 0x00000000b1280000, 0x00000000d5580000)
  object space 805376K, 99% used [0x0000000080000000,0x00000000b118efa8,0x00000000b1280000)
 Metaspace       used 77592K, committed 79296K, reserved 1179648K
  class space    used 8037K, committed 8768K, reserved 1048576K
}
Event: 122.117 GC heap before
{Heap before GC invocations=1111 (full 3):
 PSYoungGen      total 2560K, used 2336K [0x00000000d5580000, 0x00000000d5a80000, 0x0000000100000000)
  eden space 2048K, 100% used [0x00000000d5580000,0x00000000d5780000,0x00000000d5780000)
  from space 512K, 56% used [0x00000000d5980000,0x00000000d59c8000,0x00000000d5a00000)
  to   space 512K, 0% used [0x00000000d5a00000,0x00000000d5a00000,0x00000000d5a80000)
 ParOldGen       total 805376K, used 804411K [0x0000000080000000, 0x00000000b1280000, 0x00000000d5580000)
  object space 805376K, 99% used [0x0000000080000000,0x00000000b118efa8,0x00000000b1280000)
 Metaspace       used 77601K, committed 79296K, reserved 1179648K
  class space    used 8037K, committed 8768K, reserved 1048576K
}
Event: 122.121 GC heap after
{Heap after GC invocations=1111 (full 3):
 PSYoungGen      total 2560K, used 496K [0x00000000d5580000, 0x00000000d5a80000, 0x0000000100000000)
  eden space 2048K, 0% used [0x00000000d5580000,0x00000000d5580000,0x00000000d5780000)
  from space 512K, 96% used [0x00000000d5a00000,0x00000000d5a7c1b8,0x00000000d5a80000)
  to   space 1024K, 0% used [0x00000000d5880000,0x00000000d5880000,0x00000000d5980000)
 ParOldGen       total 805376K, used 804555K [0x0000000080000000, 0x00000000b1280000, 0x00000000d5580000)
  object space 805376K, 99% used [0x0000000080000000,0x00000000b11b2fa8,0x00000000b1280000)
 Metaspace       used 77601K, committed 79296K, reserved 1179648K
  class space    used 8037K, committed 8768K, reserved 1048576K
}
Event: 122.143 GC heap before
{Heap before GC invocations=1112 (full 3):
 PSYoungGen      total 2560K, used 2461K [0x00000000d5580000, 0x00000000d5a80000, 0x0000000100000000)
  eden space 2048K, 95% used [0x00000000d5580000,0x00000000d576b618,0x00000000d5780000)
  from space 512K, 96% used [0x00000000d5a00000,0x00000000d5a7c1b8,0x00000000d5a80000)
  to   space 1024K, 0% used [0x00000000d5880000,0x00000000d5880000,0x00000000d5980000)
 ParOldGen       total 805376K, used 804555K [0x0000000080000000, 0x00000000b1280000, 0x00000000d5580000)
  object space 805376K, 99% used [0x0000000080000000,0x00000000b11b2fa8,0x00000000b1280000)
 Metaspace       used 77603K, committed 79296K, reserved 1179648K
  class space    used 8037K, committed 8768K, reserved 1048576K
}
Event: 122.149 GC heap after
{Heap after GC invocations=1112 (full 3):
 PSYoungGen      total 3072K, used 1023K [0x00000000d5580000, 0x00000000d5b80000, 0x0000000100000000)
  eden space 2048K, 0% used [0x00000000d5580000,0x00000000d5580000,0x00000000d5780000)
  from space 1024K, 99% used [0x00000000d5880000,0x00000000d597ffd0,0x00000000d5980000)
  to   space 2048K, 0% used [0x00000000d5980000,0x00000000d5980000,0x00000000d5b80000)
 ParOldGen       total 805376K, used 805107K [0x0000000080000000, 0x00000000b1280000, 0x00000000d5580000)
  object space 805376K, 99% used [0x0000000080000000,0x00000000b123cce0,0x00000000b1280000)
 Metaspace       used 77603K, committed 79296K, reserved 1179648K
  class space    used 8037K, committed 8768K, reserved 1048576K
}
Event: 122.177 GC heap before
{Heap before GC invocations=1113 (full 3):
 PSYoungGen      total 3072K, used 3071K [0x00000000d5580000, 0x00000000d5b80000, 0x0000000100000000)
  eden space 2048K, 99% used [0x00000000d5580000,0x00000000d577ffe0,0x00000000d5780000)
  from space 1024K, 99% used [0x00000000d5880000,0x00000000d597ffd0,0x00000000d5980000)
  to   space 2048K, 0% used [0x00000000d5980000,0x00000000d5980000,0x00000000d5b80000)
 ParOldGen       total 805376K, used 805107K [0x0000000080000000, 0x00000000b1280000, 0x00000000d5580000)
  object space 805376K, 99% used [0x0000000080000000,0x00000000b123cce0,0x00000000b1280000)
 Metaspace       used 77606K, committed 79296K, reserved 1179648K
  class space    used 8038K, committed 8768K, reserved 1048576K
}
Event: 122.182 GC heap after
{Heap after GC invocations=1113 (full 3):
 PSYoungGen      total 3072K, used 729K [0x00000000d5580000, 0x00000000d5a80000, 0x0000000100000000)
  eden space 2048K, 0% used [0x00000000d5580000,0x00000000d5580000,0x00000000d5780000)
  from space 1024K, 71% used [0x00000000d5980000,0x00000000d5a36588,0x00000000d5a80000)
  to   space 1536K, 0% used [0x00000000d5780000,0x00000000d5780000,0x00000000d5900000)
 ParOldGen       total 806400K, used 806098K [0x0000000080000000, 0x00000000b1380000, 0x00000000d5580000)
  object space 806400K, 99% used [0x0000000080000000,0x00000000b1334b08,0x00000000b1380000)
 Metaspace       used 77606K, committed 79296K, reserved 1179648K
  class space    used 8038K, committed 8768K, reserved 1048576K
}
Event: 122.200 GC heap before
{Heap before GC invocations=1114 (full 3):
 PSYoungGen      total 3072K, used 2744K [0x00000000d5580000, 0x00000000d5a80000, 0x0000000100000000)
  eden space 2048K, 98% used [0x00000000d5580000,0x00000000d5777bd8,0x00000000d5780000)
  from space 1024K, 71% used [0x00000000d5980000,0x00000000d5a36588,0x00000000d5a80000)
  to   space 1536K, 0% used [0x00000000d5780000,0x00000000d5780000,0x00000000d5900000)
 ParOldGen       total 806400K, used 806098K [0x0000000080000000, 0x00000000b1380000, 0x00000000d5580000)
  object space 806400K, 99% used [0x0000000080000000,0x00000000b1334b08,0x00000000b1380000)
 Metaspace       used 77613K, committed 79296K, reserved 1179648K
  class space    used 8038K, committed 8768K, reserved 1048576K
}
Event: 122.204 GC heap after
{Heap after GC invocations=1114 (full 3):
 PSYoungGen      total 3584K, used 1207K [0x00000000d5580000, 0x00000000d5a80000, 0x0000000100000000)
  eden space 2048K, 0% used [0x00000000d5580000,0x00000000d5580000,0x00000000d5780000)
  from space 1536K, 78% used [0x00000000d5780000,0x00000000d58addd0,0x00000000d5900000)
  to   space 1536K, 0% used [0x00000000d5900000,0x00000000d5900000,0x00000000d5a80000)
 ParOldGen       total 806912K, used 806603K [0x0000000080000000, 0x00000000b1400000, 0x00000000d5580000)
  object space 806912K, 99% used [0x0000000080000000,0x00000000b13b2cf0,0x00000000b1400000)
 Metaspace       used 77613K, committed 79296K, reserved 1179648K
  class space    used 8038K, committed 8768K, reserved 1048576K
}
Event: 122.213 GC heap before
{Heap before GC invocations=1115 (full 3):
 PSYoungGen      total 3584K, used 3224K [0x00000000d5580000, 0x00000000d5a80000, 0x0000000100000000)
  eden space 2048K, 98% used [0x00000000d5580000,0x00000000d57782b8,0x00000000d5780000)
  from space 1536K, 78% used [0x00000000d5780000,0x00000000d58addd0,0x00000000d5900000)
  to   space 1536K, 0% used [0x00000000d5900000,0x00000000d5900000,0x00000000d5a80000)
 ParOldGen       total 806912K, used 806603K [0x0000000080000000, 0x00000000b1400000, 0x00000000d5580000)
  object space 806912K, 99% used [0x0000000080000000,0x00000000b13b2cf0,0x00000000b1400000)
 Metaspace       used 77613K, committed 79296K, reserved 1179648K
  class space    used 8038K, committed 8768K, reserved 1048576K
}

